<?xml version="1.0" encoding="UTF-8"?>
<testng-results ignored="0" total="1" passed="1" failed="0" skipped="0">
  <reporter-output>
  </reporter-output>
  <suite started-at="2020-04-12T12:24:55 CEST" name="Default suite" finished-at="2020-04-12T12:27:03 CEST" duration-ms="127283">
    <groups>
    </groups>
    <test started-at="2020-04-12T12:24:55 CEST" name="Default test" finished-at="2020-04-12T12:27:03 CEST" duration-ms="127283">
      <class name="MyStoreTest.SignInTest">
        <test-method is-config="true" signature="openBrowser()[pri:0, instance:MyStoreTest.SignInTest@50de186c]" started-at="2020-04-12T12:24:55 CEST" name="openBrowser" finished-at="2020-04-12T12:25:09 CEST" duration-ms="13767" status="PASS">
          <reporter-output>
          </reporter-output>
        </test-method> <!-- openBrowser -->
        <test-method signature="testSignIn()[pri:0, instance:MyStoreTest.SignInTest@50de186c]" started-at="2020-04-12T12:25:09 CEST" name="testSignIn" finished-at="2020-04-12T12:27:03 CEST" duration-ms="113456" status="PASS">
          <reporter-output>
          </reporter-output>
        </test-method> <!-- testSignIn -->
      </class> <!-- MyStoreTest.SignInTest -->
    </test> <!-- Default test -->
  </suite> <!-- Default suite -->
</testng-results>
